<?xml version="1.0" encoding="UTF-8"?>
<beans xmlns="http://www.springframework.org/schema/beans"
	xmlns:context="http://www.springframework.org/schema/context"
	xmlns:jpa="http://www.springframework.org/schema/data/jpa"
	xmlns:mvc="http://www.springframework.org/schema/mvc"
	xmlns:xsi="http://www.w3.org/2001/XMLSchema-instance"
	xmlns:tx="http://www.springframework.org/schema/tx"
	xsi:schemaLocation="http://www.springframework.org/schema/beans
        http://www.springframework.org/schema/beans/spring-beans.xsd
        http://www.springframework.org/schema/context
        http://www.springframework.org/schema/context/spring-context.xsd
        http://www.springframework.org/schema/data/jpa
        http://www.springframework.org/schema/data/jpa/spring-jpa.xsd
        http://www.springframework.org/schema/mvc
        http://www.springframework.org/schema/mvc/spring-mvc.xsd
        http://www.springframework.org/schema/tx
        http://www.springframework.org/schema/tx/">
        
	<!-- Activation du scan du package controller pour analyse des classes annotées -->
	<context:component-scan
		base-package="gtm.webservice.service" />
	<!-- Cette configuration permet de mettre en place automatiquement plusieurs bean
	 Spring importants (plus d'infos : https://docs.spring.io/spring/docs/current/spring-framework-reference/web.html#mvc-config-enable) -->
	<mvc:annotation-driven />
    
    	<!-- Configuration JPA -->
	<bean id="entityManagerFactory"
		class="org.springframework.orm.jpa.LocalContainerEntityManagerFactoryBean">
		<property name="persistenceUnitName" value="webservice" />
	</bean>

	<bean id="transactionManager"
		class="org.springframework.orm.jpa.JpaTransactionManager">
		<property name="entityManagerFactory"
			ref="entityManagerFactory" />
	</bean>

	<!-- Activation du scan du package repository pour analyser les interfaces 
		et générer leurs implémentations CRUD++ -->
	<jpa:repositories
		base-package="gtm.webservice.dao" />

</beans>